[2023-06-15T00:41:48.421Z] | ::1 | GET /api/dept/getDeptList?code=02 | Params: {} | Query: {"code":"02"} | Status: 200 | Response: - |  XSDCLGA-IzgayauQSXS4XnGz1PApi7ga 
[2023-06-15T00:42:00.162Z] | ::1 | DELETE /api/dept/deleteDept | Params: {} | Query: {} | Status: 400 | Response: - |  XSDCLGA-IzgayauQSXS4XnGz1PApi7ga 
[2023-06-15T00:42:19.819Z] | ::1 | DELETE /api/dept/deleteDept | Params: {} | Query: {} | Status: 200 | Response: - |  XSDCLGA-IzgayauQSXS4XnGz1PApi7ga 
[2023-06-15T00:42:24.319Z] | ::1 | DELETE /api/dept/deleteDept | Params: {} | Query: {} | Status: 200 | Response: - |  XSDCLGA-IzgayauQSXS4XnGz1PApi7ga 
[2023-06-15T00:42:28.941Z] | ::1 | GET /api/dept/getDeptList?code=02 | Params: {} | Query: {"code":"02"} | Status: 200 | Response: - |  XSDCLGA-IzgayauQSXS4XnGz1PApi7ga 
[2023-06-15T00:43:31.231Z] | ::1 | POST /api/user/register | Params: {} | Query: {} | Status: 201 | Response: - |  XSDCLGA-IzgayauQSXS4XnGz1PApi7ga 
[2023-06-15T00:43:48.865Z] | ::1 | POST /api/user/register | Params: {} | Query: {} | Status: 400 | Response: - |  XSDCLGA-IzgayauQSXS4XnGz1PApi7ga 
[2023-06-15T00:44:14.495Z] | ::1 | POST /api/user/register | Params: {} | Query: {} | Status: 201 | Response: - |  XSDCLGA-IzgayauQSXS4XnGz1PApi7ga 
[2023-06-15T00:44:30.737Z] | ::1 | POST /api/user/register | Params: {} | Query: {} | Status: 201 | Response: - |  XSDCLGA-IzgayauQSXS4XnGz1PApi7ga 
[2023-06-15T00:45:24.179Z] | ::1 | POST /api/user/register | Params: {} | Query: {} | Status: 201 | Response: - |  XSDCLGA-IzgayauQSXS4XnGz1PApi7ga 
[2023-06-15T00:45:42.557Z] | ::1 | POST /api/user/register | Params: {} | Query: {} | Status: 201 | Response: - |  XSDCLGA-IzgayauQSXS4XnGz1PApi7ga 
[2023-06-15T00:45:57.341Z] | ::1 | POST /api/user/register | Params: {} | Query: {} | Status: 409 | Response: - |  XSDCLGA-IzgayauQSXS4XnGz1PApi7ga 
[2023-06-15T00:46:03.258Z] | ::1 | POST /api/user/register | Params: {} | Query: {} | Status: 201 | Response: - |  XSDCLGA-IzgayauQSXS4XnGz1PApi7ga 
[2023-06-15T00:46:16.191Z] | ::1 | POST /api/user/register | Params: {} | Query: {} | Status: 201 | Response: - |  XSDCLGA-IzgayauQSXS4XnGz1PApi7ga 
[2023-06-15T00:46:30.929Z] | ::1 | POST /api/user/register | Params: {} | Query: {} | Status: 201 | Response: - |  XSDCLGA-IzgayauQSXS4XnGz1PApi7ga 
[2023-06-15T00:46:53.253Z] | ::1 | POST /api/user/register | Params: {} | Query: {} | Status: 201 | Response: - |  XSDCLGA-IzgayauQSXS4XnGz1PApi7ga 
[2023-06-15T00:47:08.344Z] | ::1 | POST /api/user/register | Params: {} | Query: {} | Status: 201 | Response: - |  XSDCLGA-IzgayauQSXS4XnGz1PApi7ga 
[2023-06-15T00:47:24.888Z] | ::1 | POST /api/user/register | Params: {} | Query: {} | Status: 409 | Response: - |  XSDCLGA-IzgayauQSXS4XnGz1PApi7ga 
[2023-06-15T00:47:29.172Z] | ::1 | POST /api/user/register | Params: {} | Query: {} | Status: 201 | Response: - |  XSDCLGA-IzgayauQSXS4XnGz1PApi7ga 
[2023-06-15T00:47:42.160Z] | ::1 | POST /api/user/register | Params: {} | Query: {} | Status: 201 | Response: - |  XSDCLGA-IzgayauQSXS4XnGz1PApi7ga 
[2023-06-15T00:48:56.939Z] | ::1 | POST /api/user/register | Params: {} | Query: {} | Status: 201 | Response: - |  XSDCLGA-IzgayauQSXS4XnGz1PApi7ga 
[2023-06-15T00:49:10.683Z] | ::1 | POST /api/user/register | Params: {} | Query: {} | Status: 201 | Response: - |  XSDCLGA-IzgayauQSXS4XnGz1PApi7ga 
[2023-06-15T00:49:31.400Z] | ::1 | GET /api/user/getUserList?pageIndex=2&pageSize=10 | Params: {} | Query: {"pageIndex":"2","pageSize":"10"} | Status: 401 | Response: - |  XSDCLGA-IzgayauQSXS4XnGz1PApi7ga 
[2023-06-15T00:49:36.361Z] | ::1 | GET /api/user/getUserList?pageIndex=2&pageSize=10 | Params: {} | Query: {"pageIndex":"2","pageSize":"10"} | Status: 200 | Response: - |  XSDCLGA-IzgayauQSXS4XnGz1PApi7ga 
[2023-06-15T00:49:59.078Z] | ::1 | GET /api/user/getUserList?pageIndex=1&pageSize=100 | Params: {} | Query: {"pageIndex":"1","pageSize":"100"} | Status: 200 | Response: - |  XSDCLGA-IzgayauQSXS4XnGz1PApi7ga 
[2023-06-15T03:54:56.133Z] | ::1 | GET /api/user/getUserList?pageIndex=1&pageSize=100 | Params: {} | Query: {"pageIndex":"1","pageSize":"100"} | Status: 401 | Response: - |  Fz0iR8W0XhCExWnTjR78t-ViUaE0mdoE 
[2023-06-15T03:55:01.538Z] | ::1 | POST /api/user/loginByCode | Params: {} | Query: {} | Status: 200 | Response: - |  Fz0iR8W0XhCExWnTjR78t-ViUaE0mdoE 
[2023-06-15T03:55:24.916Z] | ::1 | GET /api/user/getUserList?pageIndex=1&pageSize=100 | Params: {} | Query: {"pageIndex":"1","pageSize":"100"} | Status: 200 | Response: - |  Fz0iR8W0XhCExWnTjR78t-ViUaE0mdoE 
[2023-06-15T03:56:02.113Z] | ::1 | GET /api/user/getUserList?pageIndex=1&pageSize=10 | Params: {} | Query: {"pageIndex":"1","pageSize":"10"} | Status: 200 | Response: - |  Fz0iR8W0XhCExWnTjR78t-ViUaE0mdoE 
[2023-06-16T07:04:04.775Z] | ::1 | POST /api/user/loginByCode | Params: {} | Query: {} | Status: 200 | Response: - |  uynlIf6nqTofs5rDToadDd64Rs8iJ-RG 
[2023-06-16T07:05:57.135Z] | ::1 | POST /api/user/uploadBio | Params: {} | Query: {} | Status: 200 | Response: - |  uynlIf6nqTofs5rDToadDd64Rs8iJ-RG 
[2023-06-16T23:23:35.095Z] | ::1 | POST /api/user/loginByCode | Params: {} | Query: {} | Status: 200 | Response: - |  Hw5DpXSiyOBNI6l2enu3LLRBPciGdGdS 
[2023-06-16T23:25:28.631Z] | ::1 | POST /api/perm/createPerm | Params: {} | Query: {} | Status: 500 | Response: - |  Hw5DpXSiyOBNI6l2enu3LLRBPciGdGdS 
[2023-06-16T23:52:02.088Z] | ::1 | POST /api/perm/createPerm | Params: {} | Query: {} | Status: 400 | Response: - |  pej6ZJuLmxfBKwAaW2XaPP0me6r1aPIm 
[2023-06-16T23:52:26.472Z] | ::1 | POST /api/perm/createPerm | Params: {} | Query: {} | Status: 201 | Response: - |  pej6ZJuLmxfBKwAaW2XaPP0me6r1aPIm 
[2023-06-16T23:53:38.126Z] | ::1 | POST /api/perm/createPerm | Params: {} | Query: {} | Status: 400 | Response: - |  ogst0IopdXkUuNtBk13Rrdoq0NoQosKz 
[2023-06-16T23:54:35.373Z] | ::1 | POST /api/perm/createPerm | Params: {} | Query: {} | Status: 500 | Response: - |  o8Sl1O-cAAyAaf1p_xsDVeP2HbJTa1DZ 
[2023-06-16T23:55:30.793Z] | ::1 | POST /api/perm/createPerm | Params: {} | Query: {} | Status: 201 | Response: - |  M99NTIArzZzaMHCKfaY9qGVwuGW_5n7n 
[2023-06-16T23:57:29.476Z] | ::1 | POST /api/perm/createPerm | Params: {} | Query: {} | Status: 400 | Response: - |  M99NTIArzZzaMHCKfaY9qGVwuGW_5n7n 
[2023-06-16T23:59:53.643Z] | ::1 | POST /api/perm/createPerm | Params: {} | Query: {} | Status: 201 | Response: - |  M99NTIArzZzaMHCKfaY9qGVwuGW_5n7n 
[2023-06-17T00:00:16.210Z] | ::1 | POST /api/perm/createPerm | Params: {} | Query: {} | Status: 201 | Response: - |  M99NTIArzZzaMHCKfaY9qGVwuGW_5n7n 
[2023-06-17T00:00:28.344Z] | ::1 | POST /api/perm/createPerm | Params: {} | Query: {} | Status: 201 | Response: - |  M99NTIArzZzaMHCKfaY9qGVwuGW_5n7n 
[2023-06-17T00:00:45.548Z] | ::1 | POST /api/perm/createPerm | Params: {} | Query: {} | Status: 201 | Response: - |  M99NTIArzZzaMHCKfaY9qGVwuGW_5n7n 
[2023-06-17T00:01:07.672Z] | ::1 | POST /api/perm/createPerm | Params: {} | Query: {} | Status: 201 | Response: - |  M99NTIArzZzaMHCKfaY9qGVwuGW_5n7n 
[2023-06-17T00:02:04.877Z] | ::1 | POST /api/perm/createPerm | Params: {} | Query: {} | Status: 201 | Response: - |  M99NTIArzZzaMHCKfaY9qGVwuGW_5n7n 
[2023-06-17T00:04:37.816Z] | ::1 | POST /api/perm/createPerm | Params: {} | Query: {} | Status: 201 | Response: - |  M99NTIArzZzaMHCKfaY9qGVwuGW_5n7n 
[2023-06-17T00:04:58.056Z] | ::1 | POST /api/perm/createPerm | Params: {} | Query: {} | Status: 400 | Response: - |  M99NTIArzZzaMHCKfaY9qGVwuGW_5n7n 
[2023-06-17T00:05:04.982Z] | ::1 | POST /api/perm/createPerm | Params: {} | Query: {} | Status: 201 | Response: - |  M99NTIArzZzaMHCKfaY9qGVwuGW_5n7n 
[2023-06-17T00:05:23.572Z] | ::1 | POST /api/perm/createPerm | Params: {} | Query: {} | Status: 201 | Response: - |  M99NTIArzZzaMHCKfaY9qGVwuGW_5n7n 
[2023-06-17T00:05:44.309Z] | ::1 | POST /api/perm/createPerm | Params: {} | Query: {} | Status: 201 | Response: - |  M99NTIArzZzaMHCKfaY9qGVwuGW_5n7n 
[2023-06-17T00:08:57.036Z] | ::1 | GET /api/perm/getPermLists | Params: {} | Query: {} | Status: 200 | Response: - |  M99NTIArzZzaMHCKfaY9qGVwuGW_5n7n 
[2023-06-17T00:10:37.516Z] | ::1 | GET /api/perm/getPermLists?btnId=34285bfb-d750-4fd0-8d22-275d61657eeb&code= | Params: {} | Query: {"btnId":"34285bfb-d750-4fd0-8d22-275d61657eeb","code":""} | Status: 200 | Response: - |  M99NTIArzZzaMHCKfaY9qGVwuGW_5n7n 
[2023-06-17T00:11:11.810Z] | ::1 | GET /api/perm/getPermLists?btnId=34285bfb-d750-4fd0-8d22-275d61657eeb&code=2&name=%E8%8E%B7%E5%8F%96%E5%88%97%E8%A1%A8 | Params: {} | Query: {"btnId":"34285bfb-d750-4fd0-8d22-275d61657eeb","code":"2","name":"获取列表"} | Status: 200 | Response: - |  M99NTIArzZzaMHCKfaY9qGVwuGW_5n7n 
[2023-06-17T00:13:36.592Z] | ::1 | GET /api/perm/getPermLists?btnId=34285bfb-d750-4fd0-8d22-275d61657eeb&code=2&name=%E8%8E%B7%E5%8F%96%E5%88%97%E8%A1%A8 | Params: {} | Query: {"btnId":"34285bfb-d750-4fd0-8d22-275d61657eeb","code":"2","name":"获取列表"} | Status: 200 | Response: - |  4i6WgMzk4LyutsKysKlhhu1-_d6LHJKc 
[2023-06-17T00:17:15.175Z] | ::1 | GET /api/perm/getPermLists?btnId=34285bfb-d750-4fd0-8d22-275d61657eeb&code=2&name=%E8%8E%B7%E5%8F%96%E5%88%97%E8%A1%A8 | Params: {} | Query: {"btnId":"34285bfb-d750-4fd0-8d22-275d61657eeb","code":"2","name":"获取列表"} | Status: 500 | Response: - |  QO7Jg0uVJapgdOLScoJXRRHgciOf51Lb 
[2023-06-17T00:18:17.879Z] | ::1 | GET /api/perm/getPermLists?btnId=34285bfb-d750-4fd0-8d22-275d61657eeb&code=2&name=%E8%8E%B7%E5%8F%96%E5%88%97%E8%A1%A8 | Params: {} | Query: {"btnId":"34285bfb-d750-4fd0-8d22-275d61657eeb","code":"2","name":"获取列表"} | Status: 200 | Response: - |  RDw0WgTPhQ73su3i7ZS_h5FeY14R6zJ_ 
[2023-06-17T00:19:08.464Z] | ::1 | GET /api/perm/getPermLists?btnId=34285bfb-d750-4fd0-8d22-275d61657eeb&code=2&name=%E8%8E%B7%E5%8F%96%E5%88%97%E8%A1%A8 | Params: {} | Query: {"btnId":"34285bfb-d750-4fd0-8d22-275d61657eeb","code":"2","name":"获取列表"} | Status: 200 | Response: - |  t3eiQ2c-WGi62f1xZfu_qh0yTnJLn7gb 
[2023-06-17T00:20:27.138Z] | ::1 | GET /api/perm/getPermLists?btnId=34285bfb-d750-4fd0-8d22-275d61657eeb&code=2&name=%E8%8E%B7%E5%8F%96%E5%88%97%E8%A1%A8 | Params: {} | Query: {"btnId":"34285bfb-d750-4fd0-8d22-275d61657eeb","code":"2","name":"获取列表"} | Status: 200 | Response: - |  4P_DCOCPElkoMli-aWn9mnNKID1UlIA1 
[2023-06-17T00:21:04.843Z] | ::1 | GET /api/perm/getPermLists?btnId=34285bfb-d750-4fd0-8d22-275d61657eeb&code=2&name=%E8%8E%B7%E5%8F%96%E5%88%97%E8%A1%A8 | Params: {} | Query: {"btnId":"34285bfb-d750-4fd0-8d22-275d61657eeb","code":"2","name":"获取列表"} | Status: 200 | Response: - |  40BoR5mgxObSRpapwIaMY-bG9Q3cy-mB 
[2023-06-17T00:21:11.327Z] | ::1 | GET /api/perm/getPermLists?btnId=34285bfb-d750-4fd0-8d22-275d61657eeb | Params: {} | Query: {"btnId":"34285bfb-d750-4fd0-8d22-275d61657eeb"} | Status: 200 | Response: - |  40BoR5mgxObSRpapwIaMY-bG9Q3cy-mB 
[2023-06-17T00:21:22.375Z] | ::1 | GET /api/perm/getPermLists?btnId=34285bfb-d750-4fd0-8d22-275d61657eeb&code=2 | Params: {} | Query: {"btnId":"34285bfb-d750-4fd0-8d22-275d61657eeb","code":"2"} | Status: 200 | Response: - |  40BoR5mgxObSRpapwIaMY-bG9Q3cy-mB 
[2023-06-17T00:21:34.529Z] | ::1 | GET /api/perm/getPermLists | Params: {} | Query: {} | Status: 200 | Response: - |  40BoR5mgxObSRpapwIaMY-bG9Q3cy-mB 
[2023-06-17T00:22:13.550Z] | ::1 | GET /api/perm/getPermLists | Params: {} | Query: {} | Status: 200 | Response: - |  qlDSobnLkc2zFsUlIUjezRyFGy5p9nXI 
[2023-06-17T00:22:46.607Z] | ::1 | GET /api/perm/getPermLists | Params: {} | Query: {} | Status: 200 | Response: - |  qlDSobnLkc2zFsUlIUjezRyFGy5p9nXI 
[2023-06-17T00:23:03.052Z] | ::1 | DELETE /api/perm/deletePerm | Params: {} | Query: {} | Status: 200 | Response: - |  qlDSobnLkc2zFsUlIUjezRyFGy5p9nXI 
[2023-06-17T00:39:58.249Z] | ::1 | DELETE /api/perm/deletePerm | Params: {} | Query: {} | Status: 200 | Response: - |  BRxkAXH4NQeYAAkn8_z2aIuWQ2UGOM5F 
[2023-06-17T01:25:54.844Z] | ::1 | DELETE /api/perm/deletePerm | Params: {} | Query: {} | Status: 401 | Response: - |  C7aBDtRK2pen7tumCDrIU-vfShkf0G2- 
[2023-06-17T01:26:03.492Z] | ::1 | POST /api/user/loginByCode | Params: {} | Query: {} | Status: 200 | Response: - |  C7aBDtRK2pen7tumCDrIU-vfShkf0G2- 
[2023-06-17T01:26:25.445Z] | ::1 | DELETE /api/perm/deletePerm | Params: {} | Query: {} | Status: 200 | Response: - |  C7aBDtRK2pen7tumCDrIU-vfShkf0G2- 
[2023-06-17T01:27:23.593Z] | ::1 | DELETE /api/perm/deletePerm | Params: {} | Query: {} | Status: 200 | Response: - |  SJfhmDH6tAbhLJP-g8RP7_wppiXAZZQZ 
[2023-06-17T01:28:02.039Z] | ::1 | DELETE /api/perm/deletePerm | Params: {} | Query: {} | Status: 200 | Response: - |  LZXwOL711FhP3pMPR0E_p417dltjzri1 
[2023-06-17T01:30:36.772Z] | ::1 | POST /api/perm/createPerm | Params: {} | Query: {} | Status: 201 | Response: - |  LZXwOL711FhP3pMPR0E_p417dltjzri1 
[2023-06-17T01:30:44.245Z] | ::1 | GET /api/perm/getPermLists | Params: {} | Query: {} | Status: 200 | Response: - |  LZXwOL711FhP3pMPR0E_p417dltjzri1 
[2023-06-17T01:31:17.061Z] | ::1 | DELETE /api/perm/deletePerm | Params: {} | Query: {} | Status: 200 | Response: - |  46NriLt7-q8Nvd-spW3lPBxN9h_U1UO6 
[2023-06-17T01:32:06.476Z] | ::1 | DELETE /api/perm/deletePerm | Params: {} | Query: {} | Status: 200 | Response: - |  a_xfeQIE1SHPIHKXxDmkeEc9UUY483vF 
[2023-06-17T01:33:17.201Z] | ::1 | DELETE /api/perm/deletePerm | Params: {} | Query: {} | Status: 200 | Response: - |  4POGa5AE3poKX9OqutjzCs35f3CGD_08 
[2023-06-17T01:34:51.194Z] | ::1 | DELETE /api/perm/deletePerm | Params: {} | Query: {} | Status: 200 | Response: - |  4BLRnDUWkNcGb5NLMD6kIXqCmmCihNbS 
[2023-06-17T01:36:05.580Z] | ::1 | DELETE /api/perm/deletePerm | Params: {} | Query: {} | Status: 200 | Response: - |  4BLRnDUWkNcGb5NLMD6kIXqCmmCihNbS 
[2023-06-17T01:37:53.676Z] | ::1 | DELETE /api/perm/deletePerm | Params: {} | Query: {} | Status: 200 | Response: - |  W9TjI72qNeWczYgb9_9jtoMUhII9cYNI 
[2023-06-17T01:42:34.457Z] | ::1 | DELETE /api/perm/deletePerm | Params: {} | Query: {} | Status: 200 | Response: - |  W9TjI72qNeWczYgb9_9jtoMUhII9cYNI 
[2023-06-17T02:03:16.944Z] | ::1 | DELETE /api/perm/deletePerm | Params: {} | Query: {} | Status: 400 | Response: - |  3F-iFAk-hmAJsRCXxlVXwjA9KW7ap4k0 
[2023-06-17T02:11:26.321Z] | ::1 | DELETE /api/perm/deletePerm | Params: {} | Query: {} | Status: 400 | Response: - |  ooOxvVtw9WF1Ho2Fr95LRKOiSY8tZipa 
[2023-06-17T02:12:23.245Z] | ::1 | DELETE /api/perm/deletePerm | Params: {} | Query: {} | Status: 400 | Response: - |  DDUlYyzfCIWKq53TVZLca7j2d3TYUfeT 
[2023-06-17T02:14:57.806Z] | ::1 | DELETE /api/perm/deletePerm | Params: {} | Query: {} | Status: 400 | Response: - |  qIpAQxpNXDqTiJuCZ798PKhpbHq6FHdW 
[2023-06-17T02:14:59.982Z] | ::1 | DELETE /api/perm/deletePerm | Params: {} | Query: {} | Status: 400 | Response: - |  qIpAQxpNXDqTiJuCZ798PKhpbHq6FHdW 
[2023-06-17T02:15:24.267Z] | ::1 | DELETE /api/perm/deletePerm | Params: {} | Query: {} | Status: 400 | Response: - |  McL7gdmP0_VdNRJ7oUXWdC8bLDiJbMcS 
[2023-06-17T02:16:58.468Z] | ::1 | DELETE /api/perm/deletePerm | Params: {} | Query: {} | Status: 400 | Response: - |  AXtti5RYMJamYhz1-LC9P4LXjIJQmzj5 
[2023-06-17T02:18:16.973Z] | ::1 | DELETE /api/perm/deletePerm | Params: {} | Query: {} | Status: 400 | Response: - |  X_1dDK6ZD1SCKFCO9qi1En1l2xrTePZd 
[2023-06-17T02:18:34.083Z] | ::1 | DELETE /api/perm/deletePerm | Params: {} | Query: {} | Status: 400 | Response: - |  8TqJio03_IVOOncqq84qO8Ln5-Rc-Fr0 
[2023-06-17T02:18:52.859Z] | ::1 | DELETE /api/perm/deletePerm | Params: {} | Query: {} | Status: 400 | Response: - |  yEfJ_jAo7_Q7V5EcBFDDcEHI3aqTV8Nl 
[2023-06-17T02:18:54.764Z] | ::1 | DELETE /api/perm/deletePerm | Params: {} | Query: {} | Status: 400 | Response: - |  yEfJ_jAo7_Q7V5EcBFDDcEHI3aqTV8Nl 
[2023-06-17T03:33:06.739Z] | ::1 | DELETE /api/perm/deletePerm | Params: {} | Query: {} | Status: 401 | Response: - |  veAgKx0KSb7ljaQLbZ0LPZJd3ZQmB6ZU 
[2023-06-17T03:33:13.211Z] | ::1 | POST /api/user/loginByCode | Params: {} | Query: {} | Status: 200 | Response: - |  veAgKx0KSb7ljaQLbZ0LPZJd3ZQmB6ZU 
[2023-06-17T03:34:01.049Z] | ::1 | DELETE /api/perm/deletePerm | Params: {} | Query: {} | Status: 400 | Response: - |  veAgKx0KSb7ljaQLbZ0LPZJd3ZQmB6ZU 
[2023-06-17T03:34:20.108Z] | ::1 | DELETE /api/perm/deletePerm | Params: {} | Query: {} | Status: 400 | Response: - |  veAgKx0KSb7ljaQLbZ0LPZJd3ZQmB6ZU 
[2023-06-17T03:34:29.326Z] | ::1 | DELETE /api/perm/deletePerm | Params: {} | Query: {} | Status: 400 | Response: - |  veAgKx0KSb7ljaQLbZ0LPZJd3ZQmB6ZU 
[2023-06-17T03:34:38.949Z] | ::1 | DELETE /api/perm/deletePerm | Params: {} | Query: {} | Status: 400 | Response: - |  veAgKx0KSb7ljaQLbZ0LPZJd3ZQmB6ZU 
[2023-06-17T03:35:10.544Z] | ::1 | POST /api/perm/createPerm | Params: {} | Query: {} | Status: 201 | Response: - |  veAgKx0KSb7ljaQLbZ0LPZJd3ZQmB6ZU 
[2023-06-17T03:35:47.406Z] | ::1 | DELETE /api/perm/deletePerm | Params: {} | Query: {} | Status: 400 | Response: - |  veAgKx0KSb7ljaQLbZ0LPZJd3ZQmB6ZU 
[2023-06-17T03:35:55.630Z] | ::1 | DELETE /api/perm/deletePerm | Params: {} | Query: {} | Status: 400 | Response: - |  veAgKx0KSb7ljaQLbZ0LPZJd3ZQmB6ZU 
[2023-06-17T03:36:43.973Z] | ::1 | DELETE /api/perm/deletePerm | Params: {} | Query: {} | Status: 400 | Response: - |  veAgKx0KSb7ljaQLbZ0LPZJd3ZQmB6ZU 
[2023-06-17T03:37:26.201Z] | ::1 | DELETE /api/perm/deletePerm | Params: {} | Query: {} | Status: 400 | Response: - |  veAgKx0KSb7ljaQLbZ0LPZJd3ZQmB6ZU 
[2023-06-17T03:41:07.986Z] | ::1 | DELETE /api/perm/deletePerm | Params: {} | Query: {} | Status: 200 | Response: - |  J7OVqtNKeb2AbGjOa_9ZNxi5bCtZeCM2 
[2023-06-17T03:41:57.923Z] | ::1 | DELETE /api/perm/deletePerm | Params: {} | Query: {} | Status: 200 | Response: - |  J7OVqtNKeb2AbGjOa_9ZNxi5bCtZeCM2 
[2023-06-17T03:43:19.856Z] | ::1 | DELETE /api/perm/deletePerm | Params: {} | Query: {} | Status: 400 | Response: - |  J7OVqtNKeb2AbGjOa_9ZNxi5bCtZeCM2 
[2023-06-17T03:46:42.485Z] | ::1 | DELETE /api/perm/deletePerm | Params: {} | Query: {} | Status: 400 | Response: - |  YfDmmANJcT9-3EtzL1Z8D3mJNrcsL8EX 
[2023-06-17T03:47:46.826Z] | ::1 | DELETE /api/perm/deletePerm | Params: {} | Query: {} | Status: 400 | Response: - |  iqYUQEuz3IF_Hwe7Ey4tlOq_XcgZCVGM 
[2023-06-17T03:51:10.525Z] | ::1 | DELETE /api/perm/deletePerm | Params: {} | Query: {} | Status: 400 | Response: - |  i7AtpqK8_T0J0_kidsphKR7HsKzaW5Xp 
[2023-06-17T03:51:28.171Z] | ::1 | DELETE /api/perm/deletePerm | Params: {} | Query: {} | Status: 400 | Response: - |  Rr098kDR0hNYOX3Q2nQeJjcNojm8-NG6 
[2023-06-17T03:52:28.114Z] | ::1 | DELETE /api/perm/deletePerm | Params: {} | Query: {} | Status: 400 | Response: - |  uhK3MAJiIHPZ6QWsT5zeK7VlCiFdZfgS 
[2023-06-17T03:56:19.620Z] | ::1 | DELETE /api/perm/deletePerm | Params: {} | Query: {} | Status: 400 | Response: - |  NrpvFx75MeMQEzLjafxJS4KztjzF1DM8 
[2023-06-17T03:56:22.938Z] | ::1 | DELETE /api/perm/deletePerm | Params: {} | Query: {} | Status: 400 | Response: - |  NrpvFx75MeMQEzLjafxJS4KztjzF1DM8 
[2023-06-17T03:58:54.561Z] | ::1 | DELETE /api/perm/deletePerm | Params: {} | Query: {} | Status: 400 | Response: - |  2lAaG8xotvY4Px9HDAo05Y0_O_bAewVJ 
[2023-06-17T04:00:07.329Z] | ::1 | DELETE /api/perm/deletePerm | Params: {} | Query: {} | Status: 400 | Response: - |  QyDB7_gCI3wyvKQweUR94O_EPp3v6cVu 
[2023-06-17T04:00:53.499Z] | ::1 | DELETE /api/perm/deletePerm | Params: {} | Query: {} | Status: 400 | Response: - |  evnhygx4nE8wWpi6LvyG60BW1yyu3HvO 
[2023-06-17T04:04:13.370Z] | ::1 | DELETE /api/perm/deletePerm | Params: {} | Query: {} | Status: 400 | Response: - |  3ipAVwfHcJByjfWg3nP2KOM5PF5hToq0 
[2023-06-17T04:19:46.952Z] | ::1 | DELETE /api/perm/deletePerm | Params: {} | Query: {} | Status: 400 | Response: - |  rpE7pgLsoCAIgecgRXbMhVdYNpA69s13 
[2023-06-17T04:35:14.637Z] | ::1 | DELETE /api/perm/deletePerm | Params: {} | Query: {} | Status: 400 | Response: - |  86RLvuh_ZwOQSCitTJbwZ5tySYkPaiJB 
[2023-06-17T04:49:06.993Z] | ::1 | DELETE /api/perm/deletePerm | Params: {} | Query: {} | Status: 400 | Response: - |  hlSMhKMjHsEVU5HQLiB6g2KkG4U89T0C 
[2023-06-17T04:51:31.674Z] | ::1 | PUT /api/perm/updatePerm | Params: {} | Query: {} | Status: 201 | Response: - |  hlSMhKMjHsEVU5HQLiB6g2KkG4U89T0C 
[2023-06-17T04:52:32.679Z] | ::1 | PUT /api/perm/updatePerm | Params: {} | Query: {} | Status: 201 | Response: - |  hlSMhKMjHsEVU5HQLiB6g2KkG4U89T0C 
[2023-06-17T04:53:59.912Z] | ::1 | POST /api/perm/createPerm | Params: {} | Query: {} | Status: 400 | Response: - |  hlSMhKMjHsEVU5HQLiB6g2KkG4U89T0C 
[2023-06-17T04:54:13.447Z] | ::1 | POST /api/perm/createPerm | Params: {} | Query: {} | Status: 201 | Response: - |  LXOra7LNMS-qhcgyvSh7ZcmoD0mCFaze 
[2023-06-17T04:54:25.731Z] | ::1 | POST /api/perm/createPerm | Params: {} | Query: {} | Status: 201 | Response: - |  LXOra7LNMS-qhcgyvSh7ZcmoD0mCFaze 
[2023-06-17T04:54:38.448Z] | ::1 | POST /api/perm/createPerm | Params: {} | Query: {} | Status: 201 | Response: - |  LXOra7LNMS-qhcgyvSh7ZcmoD0mCFaze 
[2023-06-17T04:55:53.965Z] | ::1 | POST /api/perm/createPerm | Params: {} | Query: {} | Status: 400 | Response: - |  LXOra7LNMS-qhcgyvSh7ZcmoD0mCFaze 
[2023-06-17T04:57:00.621Z] | ::1 | PUT /api/perm/updatePerm | Params: {} | Query: {} | Status: 201 | Response: - |  LXOra7LNMS-qhcgyvSh7ZcmoD0mCFaze 
[2023-06-18T00:27:32.298Z] | ::1 | POST /api/user/loginByCode | Params: {} | Query: {} | Status: 200 | Response: - |  4jVFakcBkpbPWVWB_C6_Y4utKleORRJg 
[2023-06-18T00:28:31.706Z] | ::1 | PUT /api/user/updateUserStatus | Params: {} | Query: {} | Status: 401 | Response: - |  4jVFakcBkpbPWVWB_C6_Y4utKleORRJg 
[2023-06-18T00:28:39.317Z] | ::1 | PUT /api/user/updateUserStatus | Params: {} | Query: {} | Status: 200 | Response: - |  4jVFakcBkpbPWVWB_C6_Y4utKleORRJg 
[2023-06-18T00:28:45.669Z] | ::1 | POST /api/user/loginByCode | Params: {} | Query: {} | Status: 403 | Response: - |  4jVFakcBkpbPWVWB_C6_Y4utKleORRJg 
[2023-06-18T00:33:05.829Z] | ::1 | POST /api/user/loginByCode | Params: {} | Query: {} | Status: 403 | Response: - |  4jVFakcBkpbPWVWB_C6_Y4utKleORRJg 
[2023-06-18T00:33:12.436Z] | ::1 | POST /api/user/loginByCode | Params: {} | Query: {} | Status: 200 | Response: - |  4jVFakcBkpbPWVWB_C6_Y4utKleORRJg 
[2023-08-19T15:34:33.275Z] | ::1 | POST /api/user/register | Params: {} | Query: {} | Status: 409 | Response: - |  wEr0G1c4Z97xORlIE1DyeDrpEJrGcyCa 
[2023-08-19T15:35:19.650Z] | ::1 | POST /api/user/loginByCode | Params: {} | Query: {} | Status: 403 | Response: - |  wEr0G1c4Z97xORlIE1DyeDrpEJrGcyCa 
[2023-08-19T15:35:44.118Z] | ::1 | POST /api/user/loginByCode | Params: {} | Query: {} | Status: 200 | Response: - |  wEr0G1c4Z97xORlIE1DyeDrpEJrGcyCa 
[2023-08-19T15:36:12.373Z] | ::1 | GET /api/user/getCaptcha | Params: {} | Query: {} | Status: 200 | Response: - |  wEr0G1c4Z97xORlIE1DyeDrpEJrGcyCa 
[2023-08-19T15:36:23.318Z] | ::1 | POST /api/user/verifyCaptcha | Params: {} | Query: {} | Status: 400 | Response: - |  wEr0G1c4Z97xORlIE1DyeDrpEJrGcyCa 
[2023-08-19T15:36:31.751Z] | ::1 | GET /api/user/getCaptcha | Params: {} | Query: {} | Status: 200 | Response: - |  wEr0G1c4Z97xORlIE1DyeDrpEJrGcyCa 
[2023-08-19T15:36:43.900Z] | ::1 | POST /api/user/verifyCaptcha | Params: {} | Query: {} | Status: 200 | Response: - |  wEr0G1c4Z97xORlIE1DyeDrpEJrGcyCa 
[2023-08-19T15:36:54.565Z] | ::1 | GET /api/user/getUserProfile?uid=8e173555-8c12-4d61-973f-ab519e243ddd | Params: {} | Query: {"uid":"8e173555-8c12-4d61-973f-ab519e243ddd"} | Status: 401 | Response: - |  wEr0G1c4Z97xORlIE1DyeDrpEJrGcyCa 
[2023-08-19T15:37:20.529Z] | ::1 | GET /api/user/getUserProfile?uid=7cd1173e-1583-48a2-8530-cacd5ed1d3d4 | Params: {} | Query: {"uid":"7cd1173e-1583-48a2-8530-cacd5ed1d3d4"} | Status: 401 | Response: - |  wEr0G1c4Z97xORlIE1DyeDrpEJrGcyCa 
[2023-08-19T15:37:39.210Z] | ::1 | GET /api/user/getUserProfile?uid=7cd1173e-1583-48a2-8530-cacd5ed1d3d4 | Params: {} | Query: {"uid":"7cd1173e-1583-48a2-8530-cacd5ed1d3d4"} | Status: 401 | Response: - |  wEr0G1c4Z97xORlIE1DyeDrpEJrGcyCa 
[2023-08-19T15:37:57.146Z] | ::1 | GET /api/user/getUserProfile?uid=7cd1173e-1583-48a2-8530-cacd5ed1d3d4 | Params: {} | Query: {"uid":"7cd1173e-1583-48a2-8530-cacd5ed1d3d4"} | Status: 401 | Response: - |  wEr0G1c4Z97xORlIE1DyeDrpEJrGcyCa 
[2023-08-19T15:38:04.851Z] | ::1 | GET /api/user/getUserList?pageIndex=1&pageSize=10 | Params: {} | Query: {"pageIndex":"1","pageSize":"10"} | Status: 200 | Response: - |  wEr0G1c4Z97xORlIE1DyeDrpEJrGcyCa 
[2023-08-19T15:38:24.263Z] | ::1 | GET /api/user/getUserProfile?uid=24aa77f6-d100-4d64-876a-927d436d19b9 | Params: {} | Query: {"uid":"24aa77f6-d100-4d64-876a-927d436d19b9"} | Status: 200 | Response: - |  wEr0G1c4Z97xORlIE1DyeDrpEJrGcyCa 
[2023-08-19T15:38:43.179Z] | ::1 | GET /api/user/getUserProfile?uid=7cd1173e-1583-48a2-8530-cacd5ed1d3d4 | Params: {} | Query: {"uid":"7cd1173e-1583-48a2-8530-cacd5ed1d3d4"} | Status: 401 | Response: - |  wEr0G1c4Z97xORlIE1DyeDrpEJrGcyCa 
[2023-08-19T15:39:01.678Z] | ::1 | GET /api/user/getUserProfile?uid=7cd1173e-1583-48a2-8530-cacd5ed1d3d4 | Params: {} | Query: {"uid":"7cd1173e-1583-48a2-8530-cacd5ed1d3d4"} | Status: 401 | Response: - |  wEr0G1c4Z97xORlIE1DyeDrpEJrGcyCa 
[2023-08-19T15:41:16.712Z] | ::1 | GET /api/user/getUserProfile?uid=7cd1173e-1583-48a2-8530-cacd5ed1d3d4 | Params: {} | Query: {"uid":"7cd1173e-1583-48a2-8530-cacd5ed1d3d4"} | Status: 401 | Response: - |  9onSqr65cD0q8x-d_5NC4GjjdUp0X7Ch 
[2023-08-19T15:42:17.720Z] | ::1 | PUT /api/user/updateUserProfile | Params: {} | Query: {} | Status: 401 | Response: - |  9onSqr65cD0q8x-d_5NC4GjjdUp0X7Ch 
[2023-08-19T15:44:20.772Z] | ::1 | POST /api/user/uploadBio | Params: {} | Query: {} | Status: 200 | Response: - |  9onSqr65cD0q8x-d_5NC4GjjdUp0X7Ch 
[2023-08-19T15:44:33.856Z] | ::1 | GET /api/user/getUserProfile?uid=7cd1173e-1583-48a2-8530-cacd5ed1d3d4 | Params: {} | Query: {"uid":"7cd1173e-1583-48a2-8530-cacd5ed1d3d4"} | Status: 200 | Response: - |  9onSqr65cD0q8x-d_5NC4GjjdUp0X7Ch 
[2023-08-19T15:44:50.042Z] | ::1 | GET /api/user/getUserProfile?uid=24aa77f6-d100-4d64-876a-927d436d19b9 | Params: {} | Query: {"uid":"24aa77f6-d100-4d64-876a-927d436d19b9"} | Status: 200 | Response: - |  9onSqr65cD0q8x-d_5NC4GjjdUp0X7Ch 
[2023-08-19T15:46:49.269Z] | ::1 | PUT /api/user/updateUserProfile | Params: {} | Query: {} | Status: 201 | Response: - |  9onSqr65cD0q8x-d_5NC4GjjdUp0X7Ch 
[2023-08-19T15:46:58.253Z] | ::1 | GET /api/user/getUserProfile?uid=24aa77f6-d100-4d64-876a-927d436d19b9 | Params: {} | Query: {"uid":"24aa77f6-d100-4d64-876a-927d436d19b9"} | Status: 200 | Response: - |  9onSqr65cD0q8x-d_5NC4GjjdUp0X7Ch 
[2023-08-19T15:48:11.625Z] | ::1 | GET /api/user/getUserProfile?uid=24aa77f6-d100-4d64-876a-927d436d19b9 | Params: {} | Query: {"uid":"24aa77f6-d100-4d64-876a-927d436d19b9"} | Status: 200 | Response: - |  pqDzf9TXE1MC1d61Cr1ETI0QcnKCHT0B 
[2023-08-19T15:50:00.417Z] | ::1 | GET /api/user/getUserProfile?uid=24aa77f6-d100-4d64-876a-927d436d19b9 | Params: {} | Query: {"uid":"24aa77f6-d100-4d64-876a-927d436d19b9"} | Status: 200 | Response: - |  4-pDA4FqG27IAvS6FGlSDh48chdIjh9O 
[2023-08-19T15:50:22.022Z] | ::1 | GET /api/user/getUserProfile?uid=91c7d887-462a-4b7d-87e9-6d3a1d6ba183 | Params: {} | Query: {"uid":"91c7d887-462a-4b7d-87e9-6d3a1d6ba183"} | Status: 401 | Response: - |  4-pDA4FqG27IAvS6FGlSDh48chdIjh9O 
[2023-08-19T15:50:54.756Z] | ::1 | PUT /api/user/changePassword | Params: {} | Query: {} | Status: 401 | Response: - |  4-pDA4FqG27IAvS6FGlSDh48chdIjh9O 
[2023-08-19T15:52:32.557Z] | ::1 | PUT /api/user/changePassword | Params: {} | Query: {} | Status: 400 | Response: - |  4-pDA4FqG27IAvS6FGlSDh48chdIjh9O 
[2023-08-19T15:52:57.017Z] | ::1 | PUT /api/user/changePassword | Params: {} | Query: {} | Status: 201 | Response: - |  4-pDA4FqG27IAvS6FGlSDh48chdIjh9O 
[2023-08-19T15:53:07.002Z] | ::1 | GET /api/user/getUserList?pageIndex=1&pageSize=10 | Params: {} | Query: {"pageIndex":"1","pageSize":"10"} | Status: 200 | Response: - |  4-pDA4FqG27IAvS6FGlSDh48chdIjh9O 
[2023-08-19T15:53:15.281Z] | ::1 | POST /api/user/loginByCode | Params: {} | Query: {} | Status: 401 | Response: - |  4-pDA4FqG27IAvS6FGlSDh48chdIjh9O 
[2023-08-19T15:53:23.176Z] | ::1 | POST /api/user/loginByCode | Params: {} | Query: {} | Status: 200 | Response: - |  4-pDA4FqG27IAvS6FGlSDh48chdIjh9O 
[2023-08-19T15:53:59.887Z] | ::1 | GET /api/user/getUserProfile?uid=91c7d887-462a-4b7d-87e9-6d3a1d6ba183 | Params: {} | Query: {"uid":"91c7d887-462a-4b7d-87e9-6d3a1d6ba183"} | Status: 401 | Response: - |  4-pDA4FqG27IAvS6FGlSDh48chdIjh9O 
[2023-08-19T15:54:07.291Z] | ::1 | GET /api/user/getUserList?pageIndex=1&pageSize=10 | Params: {} | Query: {"pageIndex":"1","pageSize":"10"} | Status: 200 | Response: - |  4-pDA4FqG27IAvS6FGlSDh48chdIjh9O 
[2023-08-19T15:54:52.278Z] | ::1 | PUT /api/user/updateUserStatus | Params: {} | Query: {} | Status: 200 | Response: - |  4-pDA4FqG27IAvS6FGlSDh48chdIjh9O 
[2023-08-19T15:55:01.985Z] | ::1 | GET /api/user/getUserList?pageIndex=1&pageSize=10 | Params: {} | Query: {"pageIndex":"1","pageSize":"10"} | Status: 403 | Response: - |  4-pDA4FqG27IAvS6FGlSDh48chdIjh9O 
[2023-08-19T15:55:23.022Z] | ::1 | PUT /api/user/updateUserStatus | Params: {} | Query: {} | Status: 403 | Response: - |  4-pDA4FqG27IAvS6FGlSDh48chdIjh9O 
[2023-08-19T15:57:01.964Z] | ::1 | GET /api/user/getUserList?pageIndex=1&pageSize=10 | Params: {} | Query: {"pageIndex":"1","pageSize":"10"} | Status: 200 | Response: - |  4-pDA4FqG27IAvS6FGlSDh48chdIjh9O 
[2023-08-19T15:58:14.658Z] | ::1 | GET /api/user/getUserList?pageIndex=1&pageSize=10 | Params: {} | Query: {"pageIndex":"1","pageSize":"10"} | Status: 403 | Response: - |  4-pDA4FqG27IAvS6FGlSDh48chdIjh9O 
[2023-08-19T15:59:50.900Z] | ::1 | POST /api/dept/addDept | Params: {} | Query: {} | Status: 403 | Response: - |  4-pDA4FqG27IAvS6FGlSDh48chdIjh9O 
[2023-08-19T16:00:03.710Z] | ::1 | POST /api/dept/addDept | Params: {} | Query: {} | Status: 403 | Response: - |  4-pDA4FqG27IAvS6FGlSDh48chdIjh9O 
[2023-08-19T16:00:17.734Z] | ::1 | POST /api/dept/addDept | Params: {} | Query: {} | Status: 400 | Response: - |  4-pDA4FqG27IAvS6FGlSDh48chdIjh9O 
[2023-08-19T16:05:06.305Z] | ::1 | GET /api/dept/getDeptList?code=02 | Params: {} | Query: {"code":"02"} | Status: 200 | Response: - |  BPsTEgmnCbEqV02xyHLRLF5EC6-baCfy 
[2023-08-19T16:05:15.236Z] | ::1 | GET /api/dept/getDeptList?code=04 | Params: {} | Query: {"code":"04"} | Status: 200 | Response: - |  BPsTEgmnCbEqV02xyHLRLF5EC6-baCfy 
[2023-08-19T16:06:40.004Z] | ::1 | POST /api/dept/addDept | Params: {} | Query: {} | Status: 400 | Response: - |  z7vMT_FsLFWTaMjbsfq4QsIAIo2fbUGl 
[2023-08-19T16:07:10.385Z] | ::1 | GET /api/user/getUserList?pageIndex=1&pageSize=10 | Params: {} | Query: {"pageIndex":"1","pageSize":"10"} | Status: 200 | Response: - |  z7vMT_FsLFWTaMjbsfq4QsIAIo2fbUGl 
[2023-08-19T16:07:25.614Z] | ::1 | POST /api/dept/addDept | Params: {} | Query: {} | Status: 400 | Response: - |  z7vMT_FsLFWTaMjbsfq4QsIAIo2fbUGl 
[2023-09-21T10:30:14.366Z] | ::1 | POST /api/user/register | Params: {} | Query: {} | Status: 400 | Response: - |  DJf_iJifhpuJeIZ7qYMq_rwkMGib5U1s 
[2023-09-22T08:55:31.900Z] | ::1 | POST /api/user/register | Params: {} | Query: {} | Status: 201 | Response: - |  hUmjerQF1HUxrSAmjtLuWC12KjxrZLrr 
[2023-09-22T08:55:51.776Z] | ::1 | POST /api/user/loginByCode | Params: {} | Query: {} | Status: 200 | Response: - |  hUmjerQF1HUxrSAmjtLuWC12KjxrZLrr 
[2023-09-22T08:56:29.925Z] | ::1 | GET /api/user/getCaptcha | Params: {} | Query: {} | Status: 200 | Response: - |  hUmjerQF1HUxrSAmjtLuWC12KjxrZLrr 
[2023-09-22T08:56:41.535Z] | ::1 | POST /api/user/verifyCaptcha | Params: {} | Query: {} | Status: 200 | Response: - |  hUmjerQF1HUxrSAmjtLuWC12KjxrZLrr 
[2023-09-22T08:57:39.820Z] | ::1 | GET /api/user/getUserProfile?uid=95989d71-d927-4a06-999c-7b3f10f39edf | Params: {} | Query: {"uid":"95989d71-d927-4a06-999c-7b3f10f39edf"} | Status: 401 | Response: - |  hUmjerQF1HUxrSAmjtLuWC12KjxrZLrr 
[2023-09-22T08:58:01.311Z] | ::1 | GET /api/user/getUserProfile?uid=95989d71-d927-4a06-999c-7b3f10f39edf | Params: {} | Query: {"uid":"95989d71-d927-4a06-999c-7b3f10f39edf"} | Status: 401 | Response: - |  hUmjerQF1HUxrSAmjtLuWC12KjxrZLrr 
[2023-09-22T08:58:56.477Z] | ::1 | GET /api/user/getUserProfile?uid=95989d71-d927-4a06-999c-7b3f10f39edf | Params: {} | Query: {"uid":"95989d71-d927-4a06-999c-7b3f10f39edf"} | Status: 401 | Response: - |  hUmjerQF1HUxrSAmjtLuWC12KjxrZLrr 
[2023-09-22T08:59:45.227Z] | ::1 | GET /api/user/getUserProfile?uid=95989d71-d927-4a06-999c-7b3f10f39edf | Params: {} | Query: {"uid":"95989d71-d927-4a06-999c-7b3f10f39edf"} | Status: 401 | Response: - |  hUmjerQF1HUxrSAmjtLuWC12KjxrZLrr 
[2023-09-22T09:00:39.397Z] | ::1 | POST /api/user/uploadBio | Params: {} | Query: {} | Status: 500 | Response: - |  hUmjerQF1HUxrSAmjtLuWC12KjxrZLrr 
[2023-09-22T09:00:43.272Z] | ::1 | POST /api/user/uploadBio | Params: {} | Query: {} | Status: 200 | Response: - |  hUmjerQF1HUxrSAmjtLuWC12KjxrZLrr 
[2023-09-22T09:01:00.113Z] | ::1 | PUT /api/user/updateUserProfile | Params: {} | Query: {} | Status: 201 | Response: - |  hUmjerQF1HUxrSAmjtLuWC12KjxrZLrr 
[2023-09-22T09:01:06.235Z] | ::1 | GET /api/user/getUserProfile?uid=95989d71-d927-4a06-999c-7b3f10f39edf | Params: {} | Query: {"uid":"95989d71-d927-4a06-999c-7b3f10f39edf"} | Status: 500 | Response: - |  hUmjerQF1HUxrSAmjtLuWC12KjxrZLrr 
[2023-09-22T09:04:23.701Z] | ::1 | GET /api/user/getUserProfile?uid=95989d71-d927-4a06-999c-7b3f10f39edf | Params: {} | Query: {"uid":"95989d71-d927-4a06-999c-7b3f10f39edf"} | Status: 500 | Response: - |  hUmjerQF1HUxrSAmjtLuWC12KjxrZLrr 
[2023-09-22T09:05:19.275Z] | ::1 | GET /api/user/getUserProfile?uid=95989d71-d927-4a06-999c-7b3f10f39edf | Params: {} | Query: {"uid":"95989d71-d927-4a06-999c-7b3f10f39edf"} | Status: 500 | Response: - |  A3VM1bx1A9Qxf49L4ahGiWqzWmY2IL0i 
[2023-09-22T09:09:15.243Z] | ::1 | POST /api/user/uploadBio | Params: {} | Query: {} | Status: 200 | Response: - |  A3VM1bx1A9Qxf49L4ahGiWqzWmY2IL0i 
[2023-09-22T09:09:31.294Z] | ::1 | POST /api/user/uploadBio | Params: {} | Query: {} | Status: 500 | Response: - |  A3VM1bx1A9Qxf49L4ahGiWqzWmY2IL0i 
[2023-09-22T09:09:56.434Z] | ::1 | POST /api/user/uploadBio | Params: {} | Query: {} | Status: 500 | Response: - |  A3VM1bx1A9Qxf49L4ahGiWqzWmY2IL0i 
[2023-09-22T09:10:47.019Z] | ::1 | POST /api/user/uploadBio | Params: {} | Query: {} | Status: 200 | Response: - |  A3VM1bx1A9Qxf49L4ahGiWqzWmY2IL0i 
[2023-09-22T09:10:53.443Z] | ::1 | GET /api/user/getUserProfile?uid=95989d71-d927-4a06-999c-7b3f10f39edf | Params: {} | Query: {"uid":"95989d71-d927-4a06-999c-7b3f10f39edf"} | Status: 200 | Response: - |  A3VM1bx1A9Qxf49L4ahGiWqzWmY2IL0i 
[2023-09-22T09:11:20.936Z] | ::1 | GET /uploads/8a2ad864-ff0e-472e-a04f-eb4c91439517.jpeg | Params: - | Query: {} | Status: 404 | Response: - |  eVJQetshoJwE1ngOs_fJSznzBXsSHcER 
[2023-09-22T09:11:28.530Z] | ::1 | GET /api/uploads/8a2ad864-ff0e-472e-a04f-eb4c91439517.jpeg | Params: - | Query: {} | Status: 404 | Response: - |  eVJQetshoJwE1ngOs_fJSznzBXsSHcER 
[2023-09-22T09:12:24.392Z] | ::1 | GET /uploads/8a2ad864-ff0e-472e-a04f-eb4c91439517.jpeg | Params: - | Query: {} | Status: 404 | Response: - |  eVJQetshoJwE1ngOs_fJSznzBXsSHcER 
[2023-09-22T09:12:41.396Z] | ::1 | GET /uploads/8a2ad864-ff0e-472e-a04f-eb4c91439517.jpeg | Params: - | Query: {} | Status: 404 | Response: - |  eVJQetshoJwE1ngOs_fJSznzBXsSHcER 
[2023-09-22T09:12:45.472Z] | ::1 | GET /uploads/8a2ad864-ff0e-472e-a04f-eb4c91439517.jpeg | Params: - | Query: {} | Status: 404 | Response: - |  eVJQetshoJwE1ngOs_fJSznzBXsSHcER 
[2023-09-22T09:12:45.678Z] | ::1 | GET /uploads/8a2ad864-ff0e-472e-a04f-eb4c91439517.jpeg | Params: - | Query: {} | Status: 404 | Response: - |  eVJQetshoJwE1ngOs_fJSznzBXsSHcER 
[2023-09-22T09:12:45.865Z] | ::1 | GET /uploads/8a2ad864-ff0e-472e-a04f-eb4c91439517.jpeg | Params: - | Query: {} | Status: 404 | Response: - |  eVJQetshoJwE1ngOs_fJSznzBXsSHcER 
[2023-09-22T09:13:23.435Z] | ::1 | GET /user/uploads/8a2ad864-ff0e-472e-a04f-eb4c91439517.jpeg | Params: - | Query: {} | Status: 404 | Response: - |  eVJQetshoJwE1ngOs_fJSznzBXsSHcER 
[2023-09-22T09:13:30.605Z] | ::1 | GET /api/user/uploads/8a2ad864-ff0e-472e-a04f-eb4c91439517.jpeg | Params: {} | Query: {} | Status: 200 | Response: - |  eVJQetshoJwE1ngOs_fJSznzBXsSHcER 
[2023-09-22T09:13:30.676Z] | ::1 | GET /favicon.ico | Params: - | Query: {} | Status: 404 | Response: - |  eVJQetshoJwE1ngOs_fJSznzBXsSHcER 
[2023-09-22T09:13:57.119Z] | ::1 | GET /api/user/getUserList?pageIndex=1&pageSize=10 | Params: {} | Query: {"pageIndex":"1","pageSize":"10"} | Status: 200 | Response: - |  A3VM1bx1A9Qxf49L4ahGiWqzWmY2IL0i 
[2023-09-22T09:14:27.782Z] | ::1 | PUT /api/user/updateUserProfile | Params: {} | Query: {} | Status: 201 | Response: - |  A3VM1bx1A9Qxf49L4ahGiWqzWmY2IL0i 
[2023-09-22T09:14:32.793Z] | ::1 | GET /api/user/getUserProfile?uid=95989d71-d927-4a06-999c-7b3f10f39edf | Params: {} | Query: {"uid":"95989d71-d927-4a06-999c-7b3f10f39edf"} | Status: 200 | Response: - |  A3VM1bx1A9Qxf49L4ahGiWqzWmY2IL0i 
[2023-09-22T09:14:51.796Z] | ::1 | PUT /api/user/updateUserStatus | Params: {} | Query: {} | Status: 200 | Response: - |  A3VM1bx1A9Qxf49L4ahGiWqzWmY2IL0i 
[2023-09-22T09:15:05.381Z] | ::1 | GET /api/user/getUserProfile?uid=95989d71-d927-4a06-999c-7b3f10f39edf | Params: {} | Query: {"uid":"95989d71-d927-4a06-999c-7b3f10f39edf"} | Status: 403 | Response: - |  A3VM1bx1A9Qxf49L4ahGiWqzWmY2IL0i 
[2023-09-22T09:16:34.760Z] | ::1 | GET /api/user/getUserList?pageIndex=1&pageSize=10 | Params: {} | Query: {"pageIndex":"1","pageSize":"10"} | Status: 403 | Response: - |  A3VM1bx1A9Qxf49L4ahGiWqzWmY2IL0i 
[2023-09-22T09:16:39.227Z] | ::1 | PUT /api/user/updateUserProfile | Params: {} | Query: {} | Status: 403 | Response: - |  A3VM1bx1A9Qxf49L4ahGiWqzWmY2IL0i 
[2023-09-22T09:16:59.976Z] | ::1 | POST /api/user/loginByCode | Params: {} | Query: {} | Status: 403 | Response: - |  A3VM1bx1A9Qxf49L4ahGiWqzWmY2IL0i 
[2023-09-22T09:17:57.288Z] | ::1 | GET /api/user/getUserProfile?uid=95989d71-d927-4a06-999c-7b3f10f39edf | Params: {} | Query: {"uid":"95989d71-d927-4a06-999c-7b3f10f39edf"} | Status: 403 | Response: - |  A3VM1bx1A9Qxf49L4ahGiWqzWmY2IL0i 
[2023-09-22T09:18:01.023Z] | ::1 | POST /api/user/verifyCaptcha | Params: {} | Query: {} | Status: 400 | Response: - |  A3VM1bx1A9Qxf49L4ahGiWqzWmY2IL0i 
[2023-09-22T09:18:07.128Z] | ::1 | GET /api/user/getUserList?pageIndex=1&pageSize=10 | Params: {} | Query: {"pageIndex":"1","pageSize":"10"} | Status: 403 | Response: - |  A3VM1bx1A9Qxf49L4ahGiWqzWmY2IL0i 
[2023-09-22T09:18:29.884Z] | ::1 | PUT /api/user/changePassword | Params: {} | Query: {} | Status: 401 | Response: - |  A3VM1bx1A9Qxf49L4ahGiWqzWmY2IL0i 
[2023-09-22T09:18:51.735Z] | ::1 | PUT /api/user/changePassword | Params: {} | Query: {} | Status: 201 | Response: - |  A3VM1bx1A9Qxf49L4ahGiWqzWmY2IL0i 
[2023-09-22T09:22:01.933Z] | ::1 | PUT /api/user/changePassword | Params: {} | Query: {} | Status: 400 | Response: - |  5FiGIqHj9s7m06jFehhsIsBe2ZuSwygK 
[2023-09-22T09:22:13.524Z] | ::1 | PUT /api/user/changePassword | Params: {} | Query: {} | Status: 201 | Response: - |  5FiGIqHj9s7m06jFehhsIsBe2ZuSwygK 
[2023-09-22T09:22:30.852Z] | ::1 | POST /api/user/loginByCode | Params: {} | Query: {} | Status: 403 | Response: - |  5FiGIqHj9s7m06jFehhsIsBe2ZuSwygK 
[2023-09-22T09:22:45.337Z] | ::1 | POST /api/user/loginByCode | Params: {} | Query: {} | Status: 403 | Response: - |  5FiGIqHj9s7m06jFehhsIsBe2ZuSwygK 
[2023-09-22T09:23:10.417Z] | ::1 | PUT /api/user/updateUserStatus | Params: {} | Query: {} | Status: 403 | Response: - |  5FiGIqHj9s7m06jFehhsIsBe2ZuSwygK 
[2023-09-22T09:24:04.942Z] | ::1 | POST /api/user/register | Params: {} | Query: {} | Status: 409 | Response: - |  5FiGIqHj9s7m06jFehhsIsBe2ZuSwygK 
[2023-09-22T09:24:22.871Z] | ::1 | POST /api/user/register | Params: {} | Query: {} | Status: 201 | Response: - |  5FiGIqHj9s7m06jFehhsIsBe2ZuSwygK 
[2023-09-22T09:39:57.561Z] | ::1 | PUT /api/user/changePassword | Params: {} | Query: {} | Status: 400 | Response: - |  5FiGIqHj9s7m06jFehhsIsBe2ZuSwygK 
[2023-09-22T09:45:12.930Z] | ::1 | GET /api/user/getUserProfile | Params: {} | Query: {} | Status: 500 | Response: - |  5FiGIqHj9s7m06jFehhsIsBe2ZuSwygK 
[2023-09-22T09:45:19.559Z] | ::1 | GET /api/user/getUserProfile?uid=95989d71-d927-4a06-999c-7b3f10f39edf | Params: {} | Query: {"uid":"95989d71-d927-4a06-999c-7b3f10f39edf"} | Status: 200 | Response: - |  5FiGIqHj9s7m06jFehhsIsBe2ZuSwygK 
[2023-09-22T09:45:48.881Z] | ::1 | POST /api/dept/addDept | Params: {} | Query: {} | Status: 201 | Response: - |  5FiGIqHj9s7m06jFehhsIsBe2ZuSwygK 
[2023-09-22T09:45:56.911Z] | ::1 | POST /api/dept/addDept | Params: {} | Query: {} | Status: 400 | Response: - |  5FiGIqHj9s7m06jFehhsIsBe2ZuSwygK 
[2023-09-22T09:46:03.431Z] | ::1 | POST /api/dept/addDept | Params: {} | Query: {} | Status: 400 | Response: - |  5FiGIqHj9s7m06jFehhsIsBe2ZuSwygK 
[2023-09-22T09:46:14.723Z] | ::1 | POST /api/dept/addDept | Params: {} | Query: {} | Status: 400 | Response: - |  5FiGIqHj9s7m06jFehhsIsBe2ZuSwygK 
[2023-09-22T10:22:05.288Z] | ::1 | GET /api/dept/getDeptList?code=02 | Params: {} | Query: {"code":"02"} | Status: 200 | Response: - |  DtkmjDG6aKD3ms-ImFaeFcf6oLn5c7zl 
[2023-09-22T10:25:12.622Z] | ::1 | GET /api/dept/getDeptList?code=02 | Params: {} | Query: {"code":"02"} | Status: 200 | Response: - |  w64nXIMz9zonMh0BD8r3VWI4Jcs_NHT4 
[2023-09-22T10:25:21.876Z] | ::1 | GET /api/dept/getDeptList | Params: {} | Query: {} | Status: 200 | Response: - |  w64nXIMz9zonMh0BD8r3VWI4Jcs_NHT4 
[2023-09-22T10:28:42.142Z] | ::1 | GET /api/dept/getDeptList | Params: {} | Query: {} | Status: 200 | Response: - |  DT5i7dj04--xTWLEOIr3suw15sqld2Nk 
[2023-09-22T10:28:47.889Z] | ::1 | GET /api/dept/getDeptList?code=02 | Params: {} | Query: {"code":"02"} | Status: 200 | Response: - |  DT5i7dj04--xTWLEOIr3suw15sqld2Nk 
[2023-09-23T02:00:26.436Z] | ::1 | GET /api/user/getUserList?pageIndex=1&pageSize=10 | Params: {} | Query: {"pageIndex":"1","pageSize":"10"} | Status: 401 | Response: - |  qSAEKmwWagN3Wxmxh8JwaPfil86cx8Pj 
[2023-09-23T02:00:31.421Z] | ::1 | POST /api/user/loginByCode | Params: {} | Query: {} | Status: 200 | Response: - |  qSAEKmwWagN3Wxmxh8JwaPfil86cx8Pj 
[2023-09-23T02:00:50.841Z] | ::1 | GET /api/user/getUserList?pageIndex=1&pageSize=10 | Params: {} | Query: {"pageIndex":"1","pageSize":"10"} | Status: 401 | Response: - |  qSAEKmwWagN3Wxmxh8JwaPfil86cx8Pj 
[2023-09-23T02:01:20.978Z] | ::1 | GET /api/dept/getDeptList?code=02 | Params: {} | Query: {"code":"02"} | Status: 200 | Response: - |  qSAEKmwWagN3Wxmxh8JwaPfil86cx8Pj 
[2023-09-23T02:01:53.319Z] | ::1 | POST /api/dept/addDept | Params: {} | Query: {} | Status: 201 | Response: - |  qSAEKmwWagN3Wxmxh8JwaPfil86cx8Pj 
[2023-09-23T02:02:09.724Z] | ::1 | POST /api/dept/addDept | Params: {} | Query: {} | Status: 201 | Response: - |  qSAEKmwWagN3Wxmxh8JwaPfil86cx8Pj 
[2023-09-23T02:02:39.696Z] | ::1 | GET /api/dept/getDeptList | Params: {} | Query: {} | Status: 200 | Response: - |  qSAEKmwWagN3Wxmxh8JwaPfil86cx8Pj 
[2023-09-23T02:04:06.477Z] | ::1 | PUT /api/dept/updateDept | Params: {} | Query: {} | Status: 400 | Response: - |  qSAEKmwWagN3Wxmxh8JwaPfil86cx8Pj 
[2023-09-23T02:04:18.353Z] | ::1 | PUT /api/dept/updateDept | Params: {} | Query: {} | Status: 400 | Response: - |  qSAEKmwWagN3Wxmxh8JwaPfil86cx8Pj 
[2023-09-23T02:04:25.795Z] | ::1 | PUT /api/dept/updateDept | Params: {} | Query: {} | Status: 400 | Response: - |  qSAEKmwWagN3Wxmxh8JwaPfil86cx8Pj 
[2023-09-23T02:04:54.451Z] | ::1 | DELETE /api/dept/deleteDept | Params: {} | Query: {} | Status: 400 | Response: - |  qSAEKmwWagN3Wxmxh8JwaPfil86cx8Pj 
[2023-09-23T02:23:13.196Z] | ::1 | GET /api/dept/getDeptList | Params: {} | Query: {} | Status: 200 | Response: - |  8ZnVncmVRpRD4HBQGwFQjN-WMS-ujG_l 
[2023-09-23T02:23:23.034Z] | ::1 | GET /api/dept/getDeptList?code=02 | Params: {} | Query: {"code":"02"} | Status: 200 | Response: - |  8ZnVncmVRpRD4HBQGwFQjN-WMS-ujG_l 
[2023-09-23T02:28:29.854Z] | ::ffff:192.168.88.155 | GET /api/user/getCaptcha | Params: {} | Query: {} | Status: 200 | Response: - |  DJMYn_gYHCk9PZ-APeBDmCAsrjliUW_c 
[2023-09-23T02:28:30.237Z] | ::ffff:192.168.88.155 | GET /favicon.ico | Params: - | Query: {} | Status: 404 | Response: - |  DJMYn_gYHCk9PZ-APeBDmCAsrjliUW_c 
[2023-09-23T02:28:39.266Z] | ::ffff:192.168.88.155 | GET /api/user/getCaptcha | Params: {} | Query: {} | Status: 200 | Response: - |  DJMYn_gYHCk9PZ-APeBDmCAsrjliUW_c 
[2023-09-23T02:29:09.065Z] | ::ffff:192.168.88.155 | GET /api/user/getCaptcha | Params: {} | Query: {} | Status: 200 | Response: - |  DJMYn_gYHCk9PZ-APeBDmCAsrjliUW_c 
[2023-09-23T06:10:07.084Z] | ::1 | GET /api/dept/getDeptList?code=02 | Params: {} | Query: {"code":"02"} | Status: 401 | Response: - |  IMww-5Kaqzg-NUweTPe3RBZ2Wb1uU_vq 
[2023-09-23T06:10:26.520Z] | ::1 | POST /api/user/loginByCode | Params: {} | Query: {} | Status: 400 | Response: - |  IMww-5Kaqzg-NUweTPe3RBZ2Wb1uU_vq 
[2023-09-23T06:11:07.734Z] | ::1 | POST /api/user/register | Params: {} | Query: {} | Status: 201 | Response: - |  IMww-5Kaqzg-NUweTPe3RBZ2Wb1uU_vq 
[2023-09-23T06:11:25.210Z] | ::1 | POST /api/user/loginByCode | Params: {} | Query: {} | Status: 200 | Response: - |  IMww-5Kaqzg-NUweTPe3RBZ2Wb1uU_vq 
[2023-09-23T06:12:14.786Z] | ::1 | POST /api/dept/addDept | Params: {} | Query: {} | Status: 400 | Response: - |  IMww-5Kaqzg-NUweTPe3RBZ2Wb1uU_vq 
[2023-09-23T06:12:36.181Z] | ::1 | GET /api/dept/getDeptList?code=02 | Params: {} | Query: {"code":"02"} | Status: 200 | Response: - |  IMww-5Kaqzg-NUweTPe3RBZ2Wb1uU_vq 
[2023-09-23T06:22:23.192Z] | ::1 | GET /api/dept/getDeptList?code=02 | Params: {} | Query: {"code":"02"} | Status: 200 | Response: - |  fwqsrVcMg04jeZM81T6yJjGK713YSRqc 
[2023-09-23T06:23:43.607Z] | ::1 | GET /api/dept/getDeptList?name=%E5%B8%82%E5%9C%BA%E9%83%A8 | Params: {} | Query: {"name":"市场部"} | Status: 500 | Response: - |  OjoJRTLfQ-z9ZXircIVxlLdu8HXfYpv2 
[2023-09-23T06:24:01.141Z] | ::1 | GET /api/dept/getDeptList?name=%E5%B8%82%E5%9C%BA%E9%83%A8 | Params: {} | Query: {"name":"市场部"} | Status: 200 | Response: - |  vfAcun5OspGZw0JrKGtCTDYFr-opwYqu 
[2023-09-23T06:28:48.275Z] | ::1 | GET /api/dept/getDeptList?name=%E5%B8%82%E5%9C%BA%E9%83%A8 | Params: {} | Query: {"name":"市场部"} | Status: 500 | Response: - |  7lr9cTIRA7scXwsbKRnmapDDPINzxUJS 
[2023-09-23T06:29:48.587Z] | ::1 | GET /api/dept/getDeptList?name=%E5%B8%82%E5%9C%BA%E9%83%A8 | Params: {} | Query: {"name":"市场部"} | Status: 200 | Response: - |  ZkKKw74KBzc6FXVey96ebUJG4zcrCY_g 
[2023-09-23T06:29:57.342Z] | ::1 | GET /api/dept/getDeptList?code=02 | Params: {} | Query: {"code":"02"} | Status: 200 | Response: - |  ZkKKw74KBzc6FXVey96ebUJG4zcrCY_g 
[2023-09-23T06:31:17.502Z] | ::1 | DELETE /api/dept/deleteDept | Params: {} | Query: {} | Status: 400 | Response: - |  ZkKKw74KBzc6FXVey96ebUJG4zcrCY_g 
[2023-09-23T07:09:22.268Z] | ::1 | PUT /api/dept/updateDept | Params: {} | Query: {} | Status: 400 | Response: - |  ax0EcMWb3toQrK67-9UhNHhFatk07WF2 
[2023-09-23T07:28:11.473Z] | ::1 | GET /api/dept/getDeptList?name=%E5%B8%82%E5%9C%BA%E9%83%A8 | Params: {} | Query: {"name":"市场部"} | Status: 200 | Response: - |  ax0EcMWb3toQrK67-9UhNHhFatk07WF2 
[2023-09-23T07:31:24.045Z] | ::1 | POST /api/dept/addDept | Params: {} | Query: {} | Status: 400 | Response: - |  ax0EcMWb3toQrK67-9UhNHhFatk07WF2 
[2023-09-23T07:31:41.251Z] | ::1 | POST /api/dept/addDept | Params: {} | Query: {} | Status: 201 | Response: - |  ax0EcMWb3toQrK67-9UhNHhFatk07WF2 
[2023-09-23T07:33:58.286Z] | ::1 | POST /api/dept/addDept | Params: {} | Query: {} | Status: 201 | Response: - |  YH0lXW7gMoVFPGnRyT4S77YYpC62Df80 
[2023-09-23T07:34:38.387Z] | ::1 | POST /api/dept/addDept | Params: {} | Query: {} | Status: 400 | Response: - |  IIbWT_K9euNCJSIdDt-Rc3L2Tl5nyBwx 
[2023-09-23T07:35:12.970Z] | ::1 | POST /api/dept/addDept | Params: {} | Query: {} | Status: 400 | Response: - |  IIbWT_K9euNCJSIdDt-Rc3L2Tl5nyBwx 
[2023-09-23T07:35:25.606Z] | ::1 | POST /api/dept/addDept | Params: {} | Query: {} | Status: 201 | Response: - |  IIbWT_K9euNCJSIdDt-Rc3L2Tl5nyBwx 
[2023-09-23T07:36:23.297Z] | ::1 | GET /api/dept/getDeptList?name=%E5%B8%82%E5%9C%BA%E9%83%A8 | Params: {} | Query: {"name":"市场部"} | Status: 200 | Response: - |  IIbWT_K9euNCJSIdDt-Rc3L2Tl5nyBwx 
[2023-09-23T07:36:38.800Z] | ::1 | GET /api/dept/getDeptList | Params: {} | Query: {} | Status: 200 | Response: - |  IIbWT_K9euNCJSIdDt-Rc3L2Tl5nyBwx 
[2023-09-23T07:37:52.948Z] | ::1 | PUT /api/dept/updateDept | Params: {} | Query: {} | Status: 201 | Response: - |  IIbWT_K9euNCJSIdDt-Rc3L2Tl5nyBwx 
[2023-09-23T07:37:58.540Z] | ::1 | GET /api/dept/getDeptList | Params: {} | Query: {} | Status: 200 | Response: - |  IIbWT_K9euNCJSIdDt-Rc3L2Tl5nyBwx 
[2023-09-23T07:39:52.824Z] | ::1 | POST /api/dept/addDept | Params: {} | Query: {} | Status: 201 | Response: - |  IIbWT_K9euNCJSIdDt-Rc3L2Tl5nyBwx 
[2023-09-23T07:40:42.794Z] | ::1 | POST /api/dept/addDept | Params: {} | Query: {} | Status: 201 | Response: - |  IIbWT_K9euNCJSIdDt-Rc3L2Tl5nyBwx 
[2023-09-23T07:41:09.666Z] | ::1 | POST /api/dept/addDept | Params: {} | Query: {} | Status: 201 | Response: - |  IIbWT_K9euNCJSIdDt-Rc3L2Tl5nyBwx 
[2023-09-23T07:41:38.419Z] | ::1 | POST /api/dept/addDept | Params: {} | Query: {} | Status: 201 | Response: - |  IIbWT_K9euNCJSIdDt-Rc3L2Tl5nyBwx 
[2023-09-23T07:41:53.123Z] | ::1 | GET /api/dept/getDeptList | Params: {} | Query: {} | Status: 200 | Response: - |  IIbWT_K9euNCJSIdDt-Rc3L2Tl5nyBwx 
[2023-09-23T07:45:22.264Z] | ::1 | POST /api/perm/createPerm | Params: {} | Query: {} | Status: 201 | Response: - |  IIbWT_K9euNCJSIdDt-Rc3L2Tl5nyBwx 
[2023-09-23T07:45:26.796Z] | ::1 | POST /api/perm/createPerm | Params: {} | Query: {} | Status: 400 | Response: - |  IIbWT_K9euNCJSIdDt-Rc3L2Tl5nyBwx 
[2023-09-23T07:45:39.131Z] | ::1 | POST /api/perm/createPerm | Params: {} | Query: {} | Status: 201 | Response: - |  IIbWT_K9euNCJSIdDt-Rc3L2Tl5nyBwx 
[2023-09-23T07:45:51.906Z] | ::1 | POST /api/perm/createPerm | Params: {} | Query: {} | Status: 201 | Response: - |  IIbWT_K9euNCJSIdDt-Rc3L2Tl5nyBwx 
[2023-09-23T07:46:05.298Z] | ::1 | POST /api/perm/createPerm | Params: {} | Query: {} | Status: 201 | Response: - |  IIbWT_K9euNCJSIdDt-Rc3L2Tl5nyBwx 
[2023-09-23T07:46:52.409Z] | ::1 | GET /api/perm/getPermLists?btnId=34285bfb-d750-4fd0-8d22-275d61657eeb&code=2&name=%E8%8E%B7%E5%8F%96%E5%88%97%E8%A1%A8 | Params: {} | Query: {"btnId":"34285bfb-d750-4fd0-8d22-275d61657eeb","code":"2","name":"获取列表"} | Status: 200 | Response: - |  IIbWT_K9euNCJSIdDt-Rc3L2Tl5nyBwx 
[2023-09-23T07:46:58.803Z] | ::1 | GET /api/perm/getPermLists | Params: {} | Query: {} | Status: 200 | Response: - |  IIbWT_K9euNCJSIdDt-Rc3L2Tl5nyBwx 
[2023-09-23T07:48:17.797Z] | ::1 | GET /api/perm/getPermLists | Params: {} | Query: {} | Status: 200 | Response: - |  SXfSbPtcymjEi97qSxzmF7PKaY14c35d 
[2023-09-23T07:48:41.327Z] | ::1 | PUT /api/perm/updatePerm | Params: {} | Query: {} | Status: 201 | Response: - |  SXfSbPtcymjEi97qSxzmF7PKaY14c35d 
[2023-09-23T07:49:43.127Z] | ::1 | PUT /api/perm/updatePerm | Params: {} | Query: {} | Status: 201 | Response: - |  SXfSbPtcymjEi97qSxzmF7PKaY14c35d 
[2023-09-23T07:51:04.962Z] | ::1 | GET /api/perm/getPermLists | Params: {} | Query: {} | Status: 200 | Response: - |  SXfSbPtcymjEi97qSxzmF7PKaY14c35d 
[2023-09-23T07:56:52.719Z] | ::1 | PUT /api/perm/updatePerm | Params: {} | Query: {} | Status: 201 | Response: - |  zQQLUvYweMYiGluNXOx4_VU39RJfRCzh 
[2023-09-23T08:03:38.317Z] | ::1 | PUT /api/perm/updatePerm | Params: {} | Query: {} | Status: 500 | Response: - |  UkTwNCl1uQN-QBGZRZSuTi0fQAAe9sma 
[2023-09-23T08:04:01.125Z] | ::1 | PUT /api/perm/updatePerm | Params: {} | Query: {} | Status: 201 | Response: - |  EWqH5Z1shq1Fi-1Co6BAmSqQn9FRcEoi 
[2023-09-23T08:06:09.173Z] | ::1 | PUT /api/perm/updatePerm | Params: {} | Query: {} | Status: 201 | Response: - |  ZOtdbOKVekDZRS0WtlyiFzobQcS4FUoa 
[2023-09-23T08:07:36.334Z] | ::1 | PUT /api/perm/updatePerm | Params: {} | Query: {} | Status: 401 | Response: - |  1NrrkGEHSF6jHI9X54tWPNpec_8Ct-9S 
[2023-09-23T08:08:07.174Z] | ::1 | PUT /api/perm/updatePerm | Params: {} | Query: {} | Status: 401 | Response: - |  MKN8gAjdXrXPY7bqGpsH4fJuvNganbgX 
[2023-09-23T08:08:39.541Z] | ::1 | PUT /api/perm/updatePerm | Params: {} | Query: {} | Status: 401 | Response: - |  8S1fqdGTeBwS-KqKY05qxV0BovIrA2qk 
[2023-09-23T08:09:01.585Z] | ::1 | PUT /api/perm/updatePerm | Params: {} | Query: {} | Status: 201 | Response: - |  8S1fqdGTeBwS-KqKY05qxV0BovIrA2qk 
[2023-09-23T08:13:09.608Z] | ::1 | POST /api/perm/createPerm | Params: {} | Query: {} | Status: 401 | Response: - |  8S1fqdGTeBwS-KqKY05qxV0BovIrA2qk 
[2023-09-23T08:13:22.023Z] | ::1 | POST /api/perm/createPerm | Params: {} | Query: {} | Status: 401 | Response: - |  8S1fqdGTeBwS-KqKY05qxV0BovIrA2qk 
[2023-09-23T08:13:36.180Z] | ::1 | POST /api/user/loginByCode | Params: {} | Query: {} | Status: 200 | Response: - |  8S1fqdGTeBwS-KqKY05qxV0BovIrA2qk 
[2023-09-23T08:13:42.776Z] | ::1 | POST /api/user/loginByCode | Params: {} | Query: {} | Status: 200 | Response: - |  8S1fqdGTeBwS-KqKY05qxV0BovIrA2qk 
[2023-09-23T08:14:09.992Z] | ::1 | GET /api/perm/getPermLists | Params: {} | Query: {} | Status: 200 | Response: - |  8S1fqdGTeBwS-KqKY05qxV0BovIrA2qk 
[2023-09-23T08:14:24.290Z] | ::1 | POST /api/perm/createPerm | Params: {} | Query: {} | Status: 201 | Response: - |  8S1fqdGTeBwS-KqKY05qxV0BovIrA2qk 
[2023-09-23T08:15:39.687Z] | ::1 | POST /api/perm/createPerm | Params: {} | Query: {} | Status: 201 | Response: - |  8S1fqdGTeBwS-KqKY05qxV0BovIrA2qk 
[2023-09-23T08:16:30.337Z] | ::1 | DELETE /api/perm/deletePerm?btnId=c5b0d5b9-e8b7-4b3a-a0d7-326a34b1774e | Params: {} | Query: {"btnId":"c5b0d5b9-e8b7-4b3a-a0d7-326a34b1774e"} | Status: 400 | Response: - |  8S1fqdGTeBwS-KqKY05qxV0BovIrA2qk 
[2023-09-23T08:18:41.255Z] | ::1 | DELETE /api/perm/deletePerm?btnId=c5b0d5b9-e8b7-4b3a-a0d7-326a34b1774e | Params: {} | Query: {"btnId":"c5b0d5b9-e8b7-4b3a-a0d7-326a34b1774e"} | Status: 400 | Response: - |  5m1HAclfJG5jFsJl8CE4RG6lQKqgktsw 
[2023-09-23T08:18:44.155Z] | ::1 | DELETE /api/perm/deletePerm?btnId=c5b0d5b9-e8b7-4b3a-a0d7-326a34b1774e | Params: {} | Query: {"btnId":"c5b0d5b9-e8b7-4b3a-a0d7-326a34b1774e"} | Status: 400 | Response: - |  5m1HAclfJG5jFsJl8CE4RG6lQKqgktsw 
[2023-09-23T08:20:36.459Z] | ::1 | DELETE /api/perm/deletePerm | Params: {} | Query: {} | Status: 400 | Response: - |  Dsp_TVGST4wqg6a9oA-WsckBqzBonS0L 
[2023-09-23T08:21:25.497Z] | ::1 | DELETE /api/perm/deletePerm | Params: {} | Query: {} | Status: 400 | Response: - |  cgJNFamkp4xGL8MaGPUL1QlsoCG7Sl0h 
[2023-09-23T08:21:48.880Z] | ::1 | DELETE /api/perm/deletePerm | Params: {} | Query: {} | Status: 400 | Response: - |  eJz6uxH2sHEP28rkPaTWIOHQELbC3EY- 
[2023-09-23T08:26:07.135Z] | ::1 | DELETE /api/perm/deletePerm | Params: {} | Query: {} | Status: 401 | Response: - |  HevmjT-WM4SQzlaOIBE7b2W9LSGPEPr3 
[2023-09-23T08:26:21.514Z] | ::1 | DELETE /api/perm/deletePerm | Params: {} | Query: {} | Status: 200 | Response: - |  HevmjT-WM4SQzlaOIBE7b2W9LSGPEPr3 
[2023-09-23T08:27:26.128Z] | ::1 | GET /api/perm/getPermLists | Params: {} | Query: {} | Status: 200 | Response: - |  HevmjT-WM4SQzlaOIBE7b2W9LSGPEPr3 
[2023-09-23T09:08:01.249Z] | ::ffff:192.168.88.155 | GET /api/user/getCaptcha | Params: {} | Query: {} | Status: 200 | Response: - |  vJgUXi1dbc69g8ysEzPbt1DPxu_9aeQV 
[2023-09-23T09:08:06.708Z] | ::ffff:192.168.88.155 | GET /api/user/getCaptcha | Params: {} | Query: {} | Status: 200 | Response: - |  vJgUXi1dbc69g8ysEzPbt1DPxu_9aeQV 
[2023-09-23T09:08:08.559Z] | ::ffff:192.168.88.155 | GET /api/user/getCaptcha | Params: {} | Query: {} | Status: 200 | Response: - |  vJgUXi1dbc69g8ysEzPbt1DPxu_9aeQV 
[2023-09-23T09:08:10.262Z] | ::ffff:192.168.88.155 | GET /api/user/getCaptcha | Params: {} | Query: {} | Status: 200 | Response: - |  vJgUXi1dbc69g8ysEzPbt1DPxu_9aeQV 
[2023-09-23T09:08:11.765Z] | ::ffff:192.168.88.155 | GET /api/user/getCaptcha | Params: {} | Query: {} | Status: 200 | Response: - |  vJgUXi1dbc69g8ysEzPbt1DPxu_9aeQV 
[2023-09-23T09:08:13.158Z] | ::ffff:192.168.88.155 | GET /api/user/getCaptcha | Params: {} | Query: {} | Status: 200 | Response: - |  vJgUXi1dbc69g8ysEzPbt1DPxu_9aeQV 
[2023-09-23T09:08:21.482Z] | ::ffff:192.168.88.155 | GET /api/user/getCaptcha | Params: {} | Query: {} | Status: 200 | Response: - |  vJgUXi1dbc69g8ysEzPbt1DPxu_9aeQV 
[2023-09-23T09:08:46.479Z] | ::1 | POST /api/user/verifyCaptcha | Params: {} | Query: {} | Status: 400 | Response: - |  HevmjT-WM4SQzlaOIBE7b2W9LSGPEPr3 
[2023-09-23T09:09:54.179Z] | ::ffff:192.168.88.155 | GET /api/user/verifyCaptcha | Params: - | Query: {} | Status: 404 | Response: - |  vJgUXi1dbc69g8ysEzPbt1DPxu_9aeQV 
[2023-09-23T09:19:26.375Z] | ::ffff:192.168.88.155 | GET /api/user/verifyCaptcha | Params: - | Query: {} | Status: 404 | Response: - |  tU2VGzRAfpJqbA44cRNxpaXFW4xyD6p2 
[2023-09-25T10:13:32.437Z] | ::1 | POST /api/perm/createRole | Params: {} | Query: {} | Status: 401 | Response: - |  vx3whmh_l8dr_EQjralNu7TYvN2gYb94 
[2023-09-25T10:13:39.426Z] | ::1 | POST /api/user/loginByCode | Params: {} | Query: {} | Status: 401 | Response: - |  vx3whmh_l8dr_EQjralNu7TYvN2gYb94 
[2023-09-25T10:13:43.933Z] | ::1 | POST /api/user/loginByCode | Params: {} | Query: {} | Status: 401 | Response: - |  vx3whmh_l8dr_EQjralNu7TYvN2gYb94 
[2023-09-25T10:13:49.099Z] | ::1 | POST /api/user/register | Params: {} | Query: {} | Status: 409 | Response: - |  vx3whmh_l8dr_EQjralNu7TYvN2gYb94 
[2023-09-25T10:14:00.061Z] | ::1 | POST /api/user/loginByCode | Params: {} | Query: {} | Status: 200 | Response: - |  vx3whmh_l8dr_EQjralNu7TYvN2gYb94 
[2023-09-25T10:14:18.356Z] | ::1 | POST /api/perm/createRole | Params: {} | Query: {} | Status: 201 | Response: - |  vx3whmh_l8dr_EQjralNu7TYvN2gYb94 
[2023-09-25T10:15:17.172Z] | ::1 | POST /api/perm/createRole | Params: {} | Query: {} | Status: 201 | Response: - |  7YCWHtHAV4ahwM0I1ctzwrRzK2vyTUdw 
[2023-09-25T10:19:03.236Z] | ::1 | POST /api/perm/createRole | Params: {} | Query: {} | Status: 201 | Response: - |  2xmggHHW0fZZHgEyxFfGOt_TwJ2ZWoxF 
[2023-09-25T10:22:39.784Z] | ::1 | POST /api/perm/createRole | Params: {} | Query: {} | Status: 401 | Response: - |  5AEH8L7lTu7STVWZuJBVG57flUAGNcg_ 
[2023-09-25T10:23:04.027Z] | ::1 | POST /api/perm/createRole | Params: {} | Query: {} | Status: 201 | Response: - |  xZ6vmdXY5h5JrYHIMRKuzhxyybOBld8e 
[2023-09-25T10:23:31.667Z] | ::1 | POST /api/perm/createRole | Params: {} | Query: {} | Status: 201 | Response: - |  ibLXClmGLnOkrU_k4HCdpF_PTM7Ckq9f 
[2023-09-25T10:24:52.880Z] | ::1 | POST /api/perm/createRole | Params: {} | Query: {} | Status: 201 | Response: - |  ibLXClmGLnOkrU_k4HCdpF_PTM7Ckq9f 
[2023-09-25T10:26:10.837Z] | ::1 | POST /api/perm/createRole | Params: {} | Query: {} | Status: 401 | Response: - |  u2_ejFwmDO3NxjLHJUjmNivEGcOXr4LY 
[2023-09-25T10:26:53.062Z] | ::1 | POST /api/perm/createRole | Params: {} | Query: {} | Status: 500 | Response: - |  CtExfbqrb3bXClVBkawDnpDMYD3ILJAx 
[2023-09-25T10:28:38.794Z] | ::1 | POST /api/perm/createRole | Params: {} | Query: {} | Status: 201 | Response: - |  TbJMpivaX8SdGw_pHCRiIbVad5_BMkg7 
[2023-09-25T10:35:59.340Z] | ::1 | POST /api/perm/createRole | Params: {} | Query: {} | Status: 201 | Response: - |  TbJMpivaX8SdGw_pHCRiIbVad5_BMkg7 
[2023-09-25T10:36:49.692Z] | ::1 | POST /api/perm/createRole | Params: {} | Query: {} | Status: 401 | Response: - |  R2PDC8XqP5YHol3OKJ2RwnQBhxiVntk6 
[2023-09-25T10:37:23.758Z] | ::1 | POST /api/perm/createRole | Params: {} | Query: {} | Status: 201 | Response: - |  R2PDC8XqP5YHol3OKJ2RwnQBhxiVntk6 
[2023-09-25T10:38:49.789Z] | ::1 | POST /api/perm/createRole | Params: {} | Query: {} | Status: 201 | Response: - |  tIlyCcqxkLXybbt-_4xYvGisbENndwCe 
[2023-09-25T10:39:23.168Z] | ::1 | POST /api/perm/createRole | Params: {} | Query: {} | Status: 401 | Response: - |  rt_RYz0zcdJBt5qnKw2zP3LmepKgqtQe 
[2023-09-25T10:39:38.354Z] | ::1 | POST /api/perm/createRole | Params: {} | Query: {} | Status: 201 | Response: - |  rt_RYz0zcdJBt5qnKw2zP3LmepKgqtQe 
[2023-09-25T10:42:14.979Z] | ::1 | POST /api/perm/createRole | Params: {} | Query: {} | Status: 201 | Response: - |  gkzOgDgb9oA4VLPQudWywOfKvzuSaNsD 
[2023-09-25T10:42:44.770Z] | ::1 | POST /api/perm/createRole | Params: {} | Query: {} | Status: 201 | Response: - |  gkzOgDgb9oA4VLPQudWywOfKvzuSaNsD 
[2023-09-25T10:43:22.764Z] | ::1 | POST /api/perm/createRole | Params: {} | Query: {} | Status: 400 | Response: - |  e_pv0MKtI0TOM0uNIzEAnzT0eerJ37i2 
[2023-09-25T10:46:19.542Z] | ::1 | POST /api/perm/createRole | Params: {} | Query: {} | Status: 400 | Response: - |  BvIcbMlSDNd0l3PLCu3y9o5WcGCyBzTs 
[2023-09-25T10:47:57.912Z] | ::1 | GET /api/perm/getRoleList?name=%E7%AE%A1%E7%90%86%E5%91%98 | Params: - | Query: {"name":"管理员"} | Status: 404 | Response: - |  BvIcbMlSDNd0l3PLCu3y9o5WcGCyBzTs 
[2023-09-25T10:49:16.134Z] | ::1 | GET /api/perm/getRoleLists?name=%E7%AE%A1%E7%90%86%E5%91%98&roleId=1 | Params: {} | Query: {"name":"管理员","roleId":"1"} | Status: 200 | Response: - |  17eOSdTo4LBE_IJGY4rwMFgKm8qmAuNT 
[2023-09-25T10:54:16.217Z] | ::1 | GET /api/perm/getRoleLists?name=%E7%AE%A1%E7%90%86%E5%91%98&roleId=1 | Params: {} | Query: {"name":"管理员","roleId":"1"} | Status: 200 | Response: - |  quhJz2q2oArlOdBs95OGWJs-fyr3D6d_ 
[2023-09-25T10:54:39.881Z] | ::1 | GET /api/perm/getRoleLists?name=%E7%AE%A1%E7%90%86%E5%91%98 | Params: {} | Query: {"name":"管理员"} | Status: 200 | Response: - |  quhJz2q2oArlOdBs95OGWJs-fyr3D6d_ 
